c:\users\aaron abadiano\source\repos\cpe project\cpe project\x64\debug\vc143.pdb
c:\users\aaron abadiano\source\repos\cpe project\cpe project\x64\debug\.netframework,version=v4.7.2.assemblyattributes.obj
c:\users\aaron abadiano\source\repos\cpe project\cpe project\x64\debug\menuwindow.obj
c:\users\aaron abadiano\source\repos\cpe project\cpe project\x64\debug\firstheader.obj
c:\users\aaron abadiano\source\repos\cpe project\x64\debug\cpeproject.exe
c:\users\aaron abadiano\source\repos\cpe project\cpe project\x64\debug\cpe project.vcxproj.assemblyreference.cache
c:\users\aaron abadiano\source\repos\cpe project\cpe project\x64\debug\cpe project.vcxproj.generateresource.cache
c:\users\aaron abadiano\source\repos\cpe project\cpe project\x64\debug\cpeproject.firstheader.resources
c:\users\aaron abadiano\source\repos\cpe project\cpe project\x64\debug\cpeproject.menuwindow.resources
c:\users\aaron abadiano\source\repos\cpe project\cpe project\x64\debug\cpeproject.tlog\cl.command.1.tlog
c:\users\aaron abadiano\source\repos\cpe project\cpe project\x64\debug\cpeproject.tlog\cl.read.1.tlog
c:\users\aaron abadiano\source\repos\cpe project\cpe project\x64\debug\cpeproject.tlog\cl.write.1.tlog
c:\users\aaron abadiano\source\repos\cpe project\cpe project\x64\debug\cpeproject.tlog\link.command.1.tlog
c:\users\aaron abadiano\source\repos\cpe project\cpe project\x64\debug\cpeproject.tlog\link.read.1.tlog
c:\users\aaron abadiano\source\repos\cpe project\cpe project\x64\debug\cpeproject.tlog\link.write.1.tlog
c:\users\aaron abadiano\source\repos\cpe project\cpe project\x64\debug\cpeproject.tlog\metagen.read.1.tlog
c:\users\aaron abadiano\source\repos\cpe project\cpe project\x64\debug\cpeproject.tlog\metagen.write.1.tlog
c:\users\aaron abadiano\source\repos\cpe project\cpe project\x64\debug\cpeproject.tlog\resgen.command.1.tlog
c:\users\aaron abadiano\source\repos\cpe project\cpe project\x64\debug\cpeproject.tlog\resgen.read.1.tlog
c:\users\aaron abadiano\source\repos\cpe project\cpe project\x64\debug\cpeproject.tlog\resgen.write.1.tlog
